==145939== Memcheck, a memory error detector
==145939== Copyright (C) 2002-2017, and GNU GPL'd, by Julian Seward et al.
==145939== Using Valgrind-3.18.1 and LibVEX; rerun with -h for copyright info
==145939== Command: ./minishell
==145939== Parent PID: 145938
==145939== 
==145939== 
==145939== FILE DESCRIPTORS: 10 open (3 std) at exit.
==145939== Open file descriptor 7: /dev/pts/2
==145939==    at 0xCE44FEB: dup (syscall-template.S:120)
==145939==    by 0x10A475: save_original_fds (in /home/pbuet/Desktop/mainmini/minishell)
==145939==    by 0x10AB05: ft_heredoc (in /home/pbuet/Desktop/mainmini/minishell)
==145939==    by 0x10A830: handle_redir (in /home/pbuet/Desktop/mainmini/minishell)
==145939==    by 0x10F65E: handle_token (in /home/pbuet/Desktop/mainmini/minishell)
==145939==    by 0x10F77A: exec_prompt (in /home/pbuet/Desktop/mainmini/minishell)
==145939==    by 0x10EF53: get_terminal_prompt (in /home/pbuet/Desktop/mainmini/minishell)
==145939==    by 0x1123DA: main (in /home/pbuet/Desktop/mainmini/minishell)
==145939== 
==145939== Open file descriptor 6: /dev/pts/2
==145939==    at 0xCE44FEB: dup (syscall-template.S:120)
==145939==    by 0x10A464: save_original_fds (in /home/pbuet/Desktop/mainmini/minishell)
==145939==    by 0x10AB05: ft_heredoc (in /home/pbuet/Desktop/mainmini/minishell)
==145939==    by 0x10A830: handle_redir (in /home/pbuet/Desktop/mainmini/minishell)
==145939==    by 0x10F65E: handle_token (in /home/pbuet/Desktop/mainmini/minishell)
==145939==    by 0x10F77A: exec_prompt (in /home/pbuet/Desktop/mainmini/minishell)
==145939==    by 0x10EF53: get_terminal_prompt (in /home/pbuet/Desktop/mainmini/minishell)
==145939==    by 0x1123DA: main (in /home/pbuet/Desktop/mainmini/minishell)
==145939== 
==145939== Open file descriptor 4:
==145939==    at 0xCE4507D: pipe (pipe.c:29)
==145939==    by 0x10AAD7: ft_heredoc (in /home/pbuet/Desktop/mainmini/minishell)
==145939==    by 0x10A830: handle_redir (in /home/pbuet/Desktop/mainmini/minishell)
==145939==    by 0x10F65E: handle_token (in /home/pbuet/Desktop/mainmini/minishell)
==145939==    by 0x10F77A: exec_prompt (in /home/pbuet/Desktop/mainmini/minishell)
==145939==    by 0x10EF53: get_terminal_prompt (in /home/pbuet/Desktop/mainmini/minishell)
==145939==    by 0x1123DA: main (in /home/pbuet/Desktop/mainmini/minishell)
==145939== 
==145939== Open file descriptor 103: /usr/share/code/v8_context_snapshot.bin
==145939==    <inherited from parent>
==145939== 
==145939== Open AF_UNIX socket 43: <unknown>
==145939==    <inherited from parent>
==145939== 
==145939== Open file descriptor 42: /home/pbuet/.config/Code/logs/20250212T161325/ptyhost.log
==145939==    <inherited from parent>
==145939== 
==145939== Open file descriptor 3: /home/pbuet/Desktop/mainmini/leaks.log
==145939==    <inherited from parent>
==145939== 
==145939== 
==145939== HEAP SUMMARY:
==145939==     in use at exit: 324,226 bytes in 6,495 blocks
==145939==   total heap usage: 7,257 allocs, 762 frees, 747,996 bytes allocated
==145939== 
==145939== 6 bytes in 1 blocks are still reachable in loss record 1 of 72
==145939==    at 0xCCB2899: malloc (in /usr/libexec/valgrind/vgpreload_memcheck-amd64-linux.so)
==145939==    by 0x10AD0C: ms_strdup (in /home/pbuet/Desktop/mainmini/minishell)
==145939==    by 0x109E2C: export_usefull_var (in /home/pbuet/Desktop/mainmini/minishell)
==145939==    by 0x1098CE: init_data (in /home/pbuet/Desktop/mainmini/minishell)
==145939==    by 0x1123A5: main (in /home/pbuet/Desktop/mainmini/minishell)
==145939== 
==145939== 12 bytes in 1 blocks are still reachable in loss record 6 of 72
==145939==    at 0xCCB2899: malloc (in /usr/libexec/valgrind/vgpreload_memcheck-amd64-linux.so)
==145939==    by 0x10AD0C: ms_strdup (in /home/pbuet/Desktop/mainmini/minishell)
==145939==    by 0x10AF19: ft_remove_prefix (in /home/pbuet/Desktop/mainmini/minishell)
==145939==    by 0x10B724: get_env_value (in /home/pbuet/Desktop/mainmini/minishell)
==145939==    by 0x10B791: update_env_var (in /home/pbuet/Desktop/mainmini/minishell)
==145939==    by 0x10B8A0: update_env_variables (in /home/pbuet/Desktop/mainmini/minishell)
==145939==    by 0x10EF5F: get_terminal_prompt (in /home/pbuet/Desktop/mainmini/minishell)
==145939==    by 0x1123DA: main (in /home/pbuet/Desktop/mainmini/minishell)
==145939== 
==145939== 24 bytes in 1 blocks are still reachable in loss record 12 of 72
==145939==    at 0xCCB2899: malloc (in /usr/libexec/valgrind/vgpreload_memcheck-amd64-linux.so)
==145939==    by 0x113AEC: dblst_new (in /home/pbuet/Desktop/mainmini/minishell)
==145939==    by 0x109E34: export_usefull_var (in /home/pbuet/Desktop/mainmini/minishell)
==145939==    by 0x1098CE: init_data (in /home/pbuet/Desktop/mainmini/minishell)
==145939==    by 0x1123A5: main (in /home/pbuet/Desktop/mainmini/minishell)
==145939== 
==145939== LEAK SUMMARY:
==145939==    definitely lost: 0 bytes in 0 blocks
==145939==    indirectly lost: 0 bytes in 0 blocks
==145939==      possibly lost: 0 bytes in 0 blocks
==145939==    still reachable: 42 bytes in 3 blocks
==145939==         suppressed: 324,184 bytes in 6,492 blocks
==145939== 
==145939== For lists of detected and suppressed errors, rerun with: -s
==145939== ERROR SUMMARY: 0 errors from 0 contexts (suppressed: 0 from 0)
